$ astro check --minimumFailingSeverity hint && astro build
[2m00:08:38[22m [34m[content][39m Syncing content
[2m00:08:38[22m [34m[content][39m Synced content
[2m00:08:38[22m [34m[types][39m Generated [2m567ms[22m
[2m00:08:38[22m [34m[check][39m Getting diagnostics for Astro files in /home/runner/work/portfolio-v1/portfolio-v1...
Result (218 files): 
- 0 errors
- 0 warnings
- 0 hints

[2m00:08:49[22m [34m[content][39m Syncing content
[2m00:08:49[22m [34m[content][39m Synced content
[2m00:08:49[22m [34m[types][39m Generated [2m527ms[22m
[2m00:08:49[22m [34m[build][39m output: [34m"static"[39m
[2m00:08:49[22m [34m[build][39m mode: [34m"static"[39m
[2m00:08:49[22m [34m[build][39m directory: [34m/home/runner/work/portfolio-v1/portfolio-v1/dist/[39m
[2m00:08:49[22m [34m[build][39m Collecting build info...
[2m00:08:49[22m [34m[build][39m [32m✓ Completed in 593ms.[39m
[2m00:08:49[22m [34m[build][39m Building static entrypoints...
[2m00:08:50[22m [34m[assets][39m Copying fonts (5 files)...
[2m00:08:50[22m [34m[vite][39m [32m✓ built in 908ms[39m
[2m00:08:50[22m [34m[vite][39m [32m✓ built in 73ms[39m
[2m00:08:50[22m [34m[build][39m Rearranging server assets...

[42m[30m generating static routes [39m[49m
[2m00:08:50[22m   [34m├─[39m [2m/404.html[22m [2m(+17ms)[22m 
[2m00:08:50[22m   [34m├─[39m [2m/about/index.html[22m [2m(+11ms)[22m 
[2m00:08:50[22m   [34m├─[39m [2m/atena/index.html[22m [2m(+6ms)[22m 
[2m00:08:50[22m   [34m├─[39m [2m/blog/building-this-portfolio-with-astro-and-fsd/index.html[22m [2m(+10ms)[22m 
[2m00:08:50[22m   [34m├─[39m [2m/blog/predicting-oss-abandonment-with-bilstm/index.html[22m [2m(+7ms)[22m 
[2m00:08:50[22m   [34m├─[39m [2m/blog/index.html[22m [2m(+4ms)[22m 
[2m00:08:50[22m   [34m├─[39m [2m/components/index.html[22m [2m(+7ms)[22m 
[2m00:08:50[22m   [34m├─[39m [2m/devlog/phase-3-complete/index.html[22m [2m(+4ms)[22m 
[2m00:08:50[22m   [34m├─[39m [2m/devlog/v1-3-0-beta/index.html[22m [2m(+5ms)[22m 
[2m00:08:50[22m   [34m├─[39m [2m/devlog/v1-2-0-beta/index.html[22m [2m(+4ms)[22m 
[2m00:08:50[22m   [34m├─[39m [2m/devlog/v1-1-0-beta/index.html[22m [2m(+3ms)[22m 
[2m00:08:50[22m   [34m├─[39m [2m/devlog/v1-0-0-launch/index.html[22m [2m(+3ms)[22m 
[2m00:08:50[22m   [34m├─[39m [2m/devlog/index.html[22m [2m(+6ms)[22m 
[2m00:08:50[22m   [34m├─[39m [2m/es/about/index.html[22m [2m(+4ms)[22m 
[2m00:08:50[22m   [34m├─[39m [2m/es/atena/index.html[22m [2m(+5ms)[22m 
[2m00:08:50[22m   [34m├─[39m [2m/es/blog/building-this-portfolio-with-astro-and-fsd/index.html[22m [2m(+5ms)[22m 
[2m00:08:50[22m   [34m├─[39m [2m/es/blog/predicting-oss-abandonment-with-bilstm/index.html[22m [2m(+4ms)[22m 
[2m00:08:50[22m   [34m├─[39m [2m/es/blog/index.html[22m [2m(+4ms)[22m 
[2m00:08:50[22m   [34m├─[39m [2m/es/components/index.html[22m [2m(+7ms)[22m 
[2m00:08:50[22m   [34m├─[39m [2m/es/devlog/phase-3-complete/index.html[22m [2m(+3ms)[22m 
[2m00:08:50[22m   [34m├─[39m [2m/es/devlog/v1-3-0-beta/index.html[22m [2m(+2ms)[22m 
[2m00:08:50[22m   [34m├─[39m [2m/es/devlog/v1-2-0-beta/index.html[22m [2m(+2ms)[22m 
[2m00:08:50[22m   [34m├─[39m [2m/es/devlog/v1-1-0-beta/index.html[22m [2m(+2ms)[22m 
[2m00:08:50[22m   [34m├─[39m [2m/es/devlog/v1-0-0-launch/index.html[22m [2m(+3ms)[22m 
[2m00:08:50[22m   [34m├─[39m [2m/es/devlog/index.html[22m [2m(+4ms)[22m 
[2m00:08:50[22m   [34m├─[39m [2m/es/projects/yukidoke/index.html[22m [2m(+6ms)[22m 
[2m00:08:50[22m   [34m├─[39m [2m/es/projects/campus-map/index.html[22m [2m(+3ms)[22m 
[2m00:08:50[22m   [34m├─[39m [2m/es/projects/mad-ai/index.html[22m [2m(+4ms)[22m 
[2m00:08:50[22m   [34m├─[39m [2m/es/projects/fluentreads/index.html[22m [2m(+4ms)[22m 
[2m00:08:50[22m   [34m├─[39m [2m/es/projects/auctions/index.html[22m [2m(+7ms)[22m 
[2m00:08:50[22m   [34m├─[39m [2m/es/projects/index.html[22m [2m(+6ms)[22m 
[2m00:08:50[22m   [34m├─[39m [2m/es/research/index.html[22m [2m(+4ms)[22m 
[2m00:08:50[22m   [34m├─[39m [2m/es/rss.xml[22m [2m(+26ms)[22m 
[2m00:08:50[22m   [34m├─[39m [2m/es/skills/index.html[22m [2m(+4ms)[22m 
[2m00:08:50[22m   [34m├─[39m [2m/es/index.html[22m [2m(+10ms)[22m 
[2m00:08:50[22m   [34m├─[39m [2m/projects/yukidoke/index.html[22m [2m(+5ms)[22m 
[2m00:08:50[22m   [34m├─[39m [2m/projects/campus-map/index.html[22m [2m(+4ms)[22m 
[2m00:08:50[22m   [34m├─[39m [2m/projects/mad-ai/index.html[22m [2m(+3ms)[22m 
[2m00:08:50[22m   [34m├─[39m [2m/projects/fluentreads/index.html[22m [2m(+3ms)[22m 
[2m00:08:50[22m   [34m├─[39m [2m/projects/auctions/index.html[22m [2m(+5ms)[22m 
[2m00:08:50[22m   [34m├─[39m [2m/projects/index.html[22m [2m(+5ms)[22m 
[2m00:08:50[22m   [34m├─[39m [2m/research/index.html[22m [2m(+3ms)[22m 
[2m00:08:50[22m   [34m├─[39m [2m/rss.xml[22m [2m(+2ms)[22m 
[2m00:08:50[22m   [34m├─[39m [2m/skills/index.html[22m [2m(+3ms)[22m 
[2m00:08:50[22m   [34m├─[39m [2m/index.html[22m [2m(+4ms)[22m 
[2m00:08:50[22m [32m✓ Completed in 287ms.
[39m
[42m[30m generating optimized images [39m[49m
[2m00:08:50[22m   [32m▶[39m /_astro/project-11-yukidoke.DncCtCzD_grbUO.svg [2m(before: 2kB, after: 2kB)[22m [2m(+27ms)[22m [2m(1/10)[22m
[2m00:08:50[22m   [32m▶[39m /_astro/project-11-yukidoke.DncCtCzD_ZgVHCF.svg [2m(before: 2kB, after: 2kB)[22m [2m(+2ms)[22m [2m(2/10)[22m
[2m00:08:50[22m   [32m▶[39m /_astro/project-08-campus-map.aNhkHkwV_1z6QSB.webp [2m(before: 29kB, after: 25kB)[22m [2m(+133ms)[22m [2m(3/10)[22m
[2m00:08:51[22m   [32m▶[39m /_astro/project-09-fluentreads.mbwOOm7A_15HiSU.webp [2m(before: 41kB, after: 44kB)[22m [2m(+140ms)[22m [2m(4/10)[22m
[2m00:08:51[22m   [32m▶[39m /_astro/project-10-MAD-AI.C3lTLpvR_cwxrt.webp [2m(before: 33kB, after: 37kB)[22m [2m(+152ms)[22m [2m(5/10)[22m
[2m00:08:51[22m   [32m▶[39m /_astro/project-02-auctions.Ck_WF7vS_Z1fe60v.webp [2m(before: 36kB, after: 18kB)[22m [2m(+126ms)[22m [2m(6/10)[22m
[2m00:08:51[22m   [32m▶[39m /_astro/project-08-campus-map.aNhkHkwV_ZKsiDx.webp [2m(before: 29kB, after: 12kB)[22m [2m(+51ms)[22m [2m(7/10)[22m
[2m00:08:51[22m   [32m▶[39m /_astro/project-09-fluentreads.mbwOOm7A_ZhBBcN.webp [2m(before: 41kB, after: 21kB)[22m [2m(+53ms)[22m [2m(8/10)[22m
[2m00:08:51[22m   [32m▶[39m /_astro/project-10-MAD-AI.C3lTLpvR_1mlOVF.webp [2m(before: 33kB, after: 15kB)[22m [2m(+53ms)[22m [2m(9/10)[22m
[2m00:08:51[22m   [32m▶[39m /_astro/project-02-auctions.Ck_WF7vS_Z1EoyVE.webp [2m(before: 36kB, after: 10kB)[22m [2m(+57ms)[22m [2m(10/10)[22m
[2m00:08:51[22m [32m✓ Completed in 213ms.
[39m
[2m00:08:51[22m [34m[build][39m [32m✓ Completed in 1.52s.[39m
[32mastro-robots-txt:[0m `robots.txt` is created.

[2m00:08:51[22m [34m[@astrojs/sitemap][39m `sitemap-index.xml` created at `dist`
[2m00:08:51[22m [34m[build][39m 43 page(s) built in [1m2.13s[22m
[2m00:08:51[22m [34m[build][39m [1mComplete![22m
