$ bun run format:check && bun run check:docs && bun run check:devcontainer && bun run lint && bun run typecheck
$ node scripts/format-tracked-files.mjs --check
Checking formatting...
All matched files use Prettier code style!
Checking formatting...
All matched files use Prettier code style!
Checking formatting...
All matched files use Prettier code style!
Checking formatting...
All matched files use Prettier code style!
Checking formatting...
All matched files use Prettier code style!
Checking formatting...
All matched files use Prettier code style!
$ node scripts/check-doc-links.mjs
[check:docs] 37 active Markdown files checked; all relative links resolve.
$ node scripts/check-devcontainer.mjs
Devcontainer contract verified: Bun 1.3.14, Playwright 1.61.1, normalized Linux identity, init and IPC isolation settings, writable Git metadata and Bun home, isolated node_modules, lifecycle repair, tracked-file formatting, permission-aware Playwright, and host-aware Docker mounts.
$ bun run lint:eslint && bun run lint:architecture
$ eslint .
$ node scripts/check-architecture.mjs
Architecture boundaries passed: 461 imports checked across 156 source files.
$ bun run typecheck:astro && bun run typecheck:tooling
$ astro check --minimumFailingSeverity hint
[2m00:08:23[22m [34m[content][39m Syncing content
[2m00:08:23[22m [34m[content][39m Synced content
[2m00:08:23[22m [34m[types][39m Generated [2m701ms[22m
[2m00:08:23[22m [34m[check][39m Getting diagnostics for Astro files in /home/runner/work/portfolio-v1/portfolio-v1...
Result (218 files): 
- 0 errors
- 0 warnings
- 0 hints

$ tsc --noEmit --project tsconfig.tooling.json
